vti_encoding:SR|utf8-nl
vti_timelastmodified:TR|28 Jul 2004 10:14:42 -0000
vti_extenderversion:SR|5.0.2.2623
vti_lineageid:SR|{5951E459-17F7-43C3-A241-063B5A771F96}
vti_cacheddtm:TX|28 Jul 2004 10:14:42 -0000
vti_filesize:IR|2030
vti_backlinkinfo:VX|
104.09.28 17:22 B C:\unzipped\ws_ftp95\website\includes\_vti_cnf\faq-back.inc --> www.h2ofresh.com /e:/h2ofresh/includes/_vti_cnf faq-back.inc
104.09.28 17:22 B C:\unzipped\ws_ftp95\website\includes\_vti_cnf\footer.inc --> www.h2ofresh.com /e:/h2ofresh/includes/_vti_cnf footer.inc
104.09.28 17:22 B C:\unzipped\ws_ftp95\website\includes\_vti_cnf\format.js --> www.h2ofresh.com /e:/h2ofresh/includes/_vti_cnf format.js
104.09.28 17:22 B C:\unzipped\ws_ftp95\website\includes\_vti_cnf\menu0.inc --> www.h2ofresh.com /e:/h2ofresh/includes/_vti_cnf menu0.inc
104.09.28 17:22 B C:\unzipped\ws_ftp95\website\includes\_vti_cnf\menu1.inc --> www.h2ofresh.com /e:/h2ofresh/includes/_vti_cnf menu1.inc
104.09.28 17:22 B C:\unzipped\ws_ftp95\website\includes\_vti_cnf\menu2.inc --> www.h2ofresh.com /e:/h2ofresh/includes/_vti_cnf menu2.inc
104.09.28 17:22 B C:\unzipped\ws_ftp95\website\includes\_vti_cnf\menu3.inc --> www.h2ofresh.com /e:/h2ofresh/includes/_vti_cnf menu3.inc
104.09.28 17:22 B C:\unzipped\ws_ftp95\website\includes\_vti_cnf\menu4.inc --> www.h2ofresh.com /e:/h2ofresh/includes/_vti_cnf menu4.inc
104.09.28 17:22 B C:\unzipped\ws_ftp95\website\includes\_vti_cnf\submenu1.inc --> www.h2ofresh.com /e:/h2ofresh/includes/_vti_cnf submenu1.inc
104.09.28 17:22 B C:\unzipped\ws_ftp95\website\includes\_vti_cnf\validate.js --> www.h2ofresh.com /e:/h2ofresh/includes/_vti_cnf validate.js
104.09.28 17:22 B C:\unzipped\ws_ftp95\website\includes\_vti_cnf\WS_FTP.LOG --> www.h2ofresh.com /e:/h2ofresh/includes/_vti_cnf WS_FTP.LOG
106.05.16 12:04 B C:\Website maintenance\website 17 May 06\includes\_vti_cnf\faq-back.inc --> www.h2ofresh.com /e:/h2ofresh/website 17 May 06/includes/_vti_cnf faq-back.inc
106.05.16 12:04 B C:\Website maintenance\website 17 May 06\includes\_vti_cnf\footer.inc --> www.h2ofresh.com /e:/h2ofresh/website 17 May 06/includes/_vti_cnf footer.inc
106.05.16 12:04 B C:\Website maintenance\website 17 May 06\includes\_vti_cnf\format.js --> www.h2ofresh.com /e:/h2ofresh/website 17 May 06/includes/_vti_cnf format.js
106.05.16 12:04 B C:\Website maintenance\website 17 May 06\includes\_vti_cnf\menu0.inc --> www.h2ofresh.com /e:/h2ofresh/website 17 May 06/includes/_vti_cnf menu0.inc
106.05.16 12:04 B C:\Website maintenance\website 17 May 06\includes\_vti_cnf\menu1.inc --> www.h2ofresh.com /e:/h2ofresh/website 17 May 06/includes/_vti_cnf menu1.inc
106.05.16 12:04 B C:\Website maintenance\website 17 May 06\includes\_vti_cnf\menu2.inc --> www.h2ofresh.com /e:/h2ofresh/website 17 May 06/includes/_vti_cnf menu2.inc
106.05.16 12:04 B C:\Website maintenance\website 17 May 06\includes\_vti_cnf\menu3.inc --> www.h2ofresh.com /e:/h2ofresh/website 17 May 06/includes/_vti_cnf menu3.inc
106.05.16 12:04 B C:\Website maintenance\website 17 May 06\includes\_vti_cnf\menu4.inc --> www.h2ofresh.com /e:/h2ofresh/website 17 May 06/includes/_vti_cnf menu4.inc
106.05.16 12:04 B C:\Website maintenance\website 17 May 06\includes\_vti_cnf\submenu1.inc --> www.h2ofresh.com /e:/h2ofresh/website 17 May 06/includes/_vti_cnf submenu1.inc
106.05.16 12:04 B C:\Website maintenance\website 17 May 06\includes\_vti_cnf\validate.js --> www.h2ofresh.com /e:/h2ofresh/website 17 May 06/includes/_vti_cnf validate.js
106.05.16 12:04 B C:\Website maintenance\website 17 May 06\includes\_vti_cnf\WS_FTP.LOG --> www.h2ofresh.com /e:/h2ofresh/website 17 May 06/includes/_vti_cnf WS_FTP.LOG
106.05.16 12:21 B C:\Website maintenance\website 17 May 06\includes\_vti_cnf\faq-back.inc --> www.h2ofresh.com /e:/h2ofresh/includes/_vti_cnf faq-back.inc
106.05.16 12:21 B C:\Website maintenance\website 17 May 06\includes\_vti_cnf\footer.inc --> www.h2ofresh.com /e:/h2ofresh/includes/_vti_cnf footer.inc
106.05.16 12:21 B C:\Website maintenance\website 17 May 06\includes\_vti_cnf\format.js --> www.h2ofresh.com /e:/h2ofresh/includes/_vti_cnf format.js
106.05.16 12:21 B C:\Website maintenance\website 17 May 06\includes\_vti_cnf\menu0.inc --> www.h2ofresh.com /e:/h2ofresh/includes/_vti_cnf menu0.inc
106.05.16 12:21 B C:\Website maintenance\website 17 May 06\includes\_vti_cnf\menu1.inc --> www.h2ofresh.com /e:/h2ofresh/includes/_vti_cnf menu1.inc
106.05.16 12:21 B C:\Website maintenance\website 17 May 06\includes\_vti_cnf\menu2.inc --> www.h2ofresh.com /e:/h2ofresh/includes/_vti_cnf menu2.inc
106.05.16 12:21 B C:\Website maintenance\website 17 May 06\includes\_vti_cnf\menu3.inc --> www.h2ofresh.com /e:/h2ofresh/includes/_vti_cnf menu3.inc
106.05.16 12:21 B C:\Website maintenance\website 17 May 06\includes\_vti_cnf\menu4.inc --> www.h2ofresh.com /e:/h2ofresh/includes/_vti_cnf menu4.inc
106.05.16 12:21 B C:\Website maintenance\website 17 May 06\includes\_vti_cnf\submenu1.inc --> www.h2ofresh.com /e:/h2ofresh/includes/_vti_cnf submenu1.inc
106.05.16 12:21 B C:\Website maintenance\website 17 May 06\includes\_vti_cnf\validate.js --> www.h2ofresh.com /e:/h2ofresh/includes/_vti_cnf validate.js
106.05.16 12:21 B C:\Website maintenance\website 17 May 06\includes\_vti_cnf\WS_FTP.LOG --> www.h2ofresh.com /e:/h2ofresh/includes/_vti_cnf WS_FTP.LOG
106.05.16 16:23 B C:\Website maintenance\website 17 May 06\includes\_vti_cnf\faq-back.inc --> www.h2ofresh.com /e:/h2ofresh/includes/_vti_cnf faq-back.inc
106.05.16 16:23 B C:\Website maintenance\website 17 May 06\includes\_vti_cnf\footer.inc --> www.h2ofresh.com /e:/h2ofresh/includes/_vti_cnf footer.inc
106.05.16 16:23 B C:\Website maintenance\website 17 May 06\includes\_vti_cnf\format.js --> www.h2ofresh.com /e:/h2ofresh/includes/_vti_cnf format.js
106.05.16 16:23 B C:\Website maintenance\website 17 May 06\includes\_vti_cnf\menu0.inc --> www.h2ofresh.com /e:/h2ofresh/includes/_vti_cnf menu0.inc
106.05.16 16:23 B C:\Website maintenance\website 17 May 06\includes\_vti_cnf\menu1.inc --> www.h2ofresh.com /e:/h2ofresh/includes/_vti_cnf menu1.inc
106.05.16 16:23 B C:\Website maintenance\website 17 May 06\includes\_vti_cnf\menu2.inc --> www.h2ofresh.com /e:/h2ofresh/includes/_vti_cnf menu2.inc
106.05.16 16:23 B C:\Website maintenance\website 17 May 06\includes\_vti_cnf\menu3.inc --> www.h2ofresh.com /e:/h2ofresh/includes/_vti_cnf menu3.inc
106.05.16 16:23 B C:\Website maintenance\website 17 May 06\includes\_vti_cnf\menu4.inc --> www.h2ofresh.com /e:/h2ofresh/includes/_vti_cnf menu4.inc
106.05.16 16:23 B C:\Website maintenance\website 17 May 06\includes\_vti_cnf\submenu1.inc --> www.h2ofresh.com /e:/h2ofresh/includes/_vti_cnf submenu1.inc
106.05.16 16:23 B C:\Website maintenance\website 17 May 06\includes\_vti_cnf\validate.js --> www.h2ofresh.com /e:/h2ofresh/includes/_vti_cnf validate.js
