104.05.14 13:34 B C:\h2ofresh\includes\faq-back.inc <-- ftp.h2ofresh.com /includes faq-back.inc
104.05.14 13:34 B C:\h2ofresh\includes\footer.inc <-- ftp.h2ofresh.com /includes footer.inc
104.05.14 13:34 B C:\h2ofresh\includes\format.js <-- ftp.h2ofresh.com /includes format.js
104.05.14 13:34 B C:\h2ofresh\includes\menu0.inc <-- ftp.h2ofresh.com /includes menu0.inc
104.05.14 13:34 B C:\h2ofresh\includes\menu1.inc <-- ftp.h2ofresh.com /includes menu1.inc
104.05.14 13:34 B C:\h2ofresh\includes\menu2.inc <-- ftp.h2ofresh.com /includes menu2.inc
104.05.14 13:34 B C:\h2ofresh\includes\menu3.inc <-- ftp.h2ofresh.com /includes menu3.inc
104.05.14 13:34 B C:\h2ofresh\includes\menu4.inc <-- ftp.h2ofresh.com /includes menu4.inc
104.05.14 13:34 B C:\h2ofresh\includes\submenu1.inc <-- ftp.h2ofresh.com /includes submenu1.inc
104.05.14 13:34 B C:\h2ofresh\includes\validate.js <-- ftp.h2ofresh.com /includes validate.js
104.05.14 13:44 B C:\h2ofresh\includes\faq-back.inc --> 2204.at.com.sg /e:/2204/includes faq-back.inc
104.05.14 13:44 B C:\h2ofresh\includes\footer.inc --> 2204.at.com.sg /e:/2204/includes footer.inc
104.05.14 13:44 B C:\h2ofresh\includes\format.js --> 2204.at.com.sg /e:/2204/includes format.js
104.05.14 13:44 B C:\h2ofresh\includes\menu0.inc --> 2204.at.com.sg /e:/2204/includes menu0.inc
104.05.14 13:44 B C:\h2ofresh\includes\menu1.inc --> 2204.at.com.sg /e:/2204/includes menu1.inc
104.05.14 13:44 B C:\h2ofresh\includes\menu2.inc --> 2204.at.com.sg /e:/2204/includes menu2.inc
104.05.14 13:44 B C:\h2ofresh\includes\menu3.inc --> 2204.at.com.sg /e:/2204/includes menu3.inc
104.05.14 13:44 B C:\h2ofresh\includes\menu4.inc --> 2204.at.com.sg /e:/2204/includes menu4.inc
104.05.14 13:44 B C:\h2ofresh\includes\submenu1.inc --> 2204.at.com.sg /e:/2204/includes submenu1.inc
104.05.14 13:44 B C:\h2ofresh\includes\validate.js --> 2204.at.com.sg /e:/2204/includes validate.js
104.07.28 18:14 B C:\unzipped\ws_ftp95\website\includes\WS_FTP.LOG <-- h2ofresh /e:/h2ofresh/includes WS_FTP.LOG
104.09.28 17:22 B C:\unzipped\ws_ftp95\website\includes\faq-back.inc --> www.h2ofresh.com /e:/h2ofresh/includes faq-back.inc
104.09.28 17:22 B C:\unzipped\ws_ftp95\website\includes\footer.inc --> www.h2ofresh.com /e:/h2ofresh/includes footer.inc
104.09.28 17:22 B C:\unzipped\ws_ftp95\website\includes\format.js --> www.h2ofresh.com /e:/h2ofresh/includes format.js
104.09.28 17:22 B C:\unzipped\ws_ftp95\website\includes\menu0.inc --> www.h2ofresh.com /e:/h2ofresh/includes menu0.inc
104.09.28 17:22 B C:\unzipped\ws_ftp95\website\includes\menu1.inc --> www.h2ofresh.com /e:/h2ofresh/includes menu1.inc
104.09.28 17:22 B C:\unzipped\ws_ftp95\website\includes\menu2.inc --> www.h2ofresh.com /e:/h2ofresh/includes menu2.inc
104.09.28 17:22 B C:\unzipped\ws_ftp95\website\includes\menu3.inc --> www.h2ofresh.com /e:/h2ofresh/includes menu3.inc
104.09.28 17:22 B C:\unzipped\ws_ftp95\website\includes\menu4.inc --> www.h2ofresh.com /e:/h2ofresh/includes menu4.inc
104.09.28 17:22 B C:\unzipped\ws_ftp95\website\includes\submenu1.inc --> www.h2ofresh.com /e:/h2ofresh/includes submenu1.inc
104.09.28 17:22 B C:\unzipped\ws_ftp95\website\includes\validate.js --> www.h2ofresh.com /e:/h2ofresh/includes validate.js
104.09.28 17:22 B C:\unzipped\ws_ftp95\website\includes\WS_FTP.LOG --> www.h2ofresh.com /e:/h2ofresh/includes WS_FTP.LOG
106.05.16 12:04 B C:\Website maintenance\website 17 May 06\includes\faq-back.inc --> www.h2ofresh.com /e:/h2ofresh/website 17 May 06/includes faq-back.inc
106.05.16 12:04 B C:\Website maintenance\website 17 May 06\includes\footer.inc --> www.h2ofresh.com /e:/h2ofresh/website 17 May 06/includes footer.inc
106.05.16 12:04 B C:\Website maintenance\website 17 May 06\includes\format.js --> www.h2ofresh.com /e:/h2ofresh/website 17 May 06/includes format.js
106.05.16 12:04 B C:\Website maintenance\website 17 May 06\includes\menu0.inc --> www.h2ofresh.com /e:/h2ofresh/website 17 May 06/includes menu0.inc
106.05.16 12:04 B C:\Website maintenance\website 17 May 06\includes\menu1.inc --> www.h2ofresh.com /e:/h2ofresh/website 17 May 06/includes menu1.inc
106.05.16 12:04 B C:\Website maintenance\website 17 May 06\includes\menu2.inc --> www.h2ofresh.com /e:/h2ofresh/website 17 May 06/includes menu2.inc
106.05.16 12:04 B C:\Website maintenance\website 17 May 06\includes\menu3.inc --> www.h2ofresh.com /e:/h2ofresh/website 17 May 06/includes menu3.inc
106.05.16 12:04 B C:\Website maintenance\website 17 May 06\includes\menu4.inc --> www.h2ofresh.com /e:/h2ofresh/website 17 May 06/includes menu4.inc
106.05.16 12:04 B C:\Website maintenance\website 17 May 06\includes\submenu1.inc --> www.h2ofresh.com /e:/h2ofresh/website 17 May 06/includes submenu1.inc
106.05.16 12:04 B C:\Website maintenance\website 17 May 06\includes\validate.js --> www.h2ofresh.com /e:/h2ofresh/website 17 May 06/includes validate.js
106.05.16 12:04 B C:\Website maintenance\website 17 May 06\includes\WS_FTP.LOG --> www.h2ofresh.com /e:/h2ofresh/website 17 May 06/includes WS_FTP.LOG
106.05.16 12:21 B C:\Website maintenance\website 17 May 06\includes\faq-back.inc --> www.h2ofresh.com /e:/h2ofresh/includes faq-back.inc
106.05.16 12:21 B C:\Website maintenance\website 17 May 06\includes\footer.inc --> www.h2ofresh.com /e:/h2ofresh/includes footer.inc
106.05.16 12:21 B C:\Website maintenance\website 17 May 06\includes\format.js --> www.h2ofresh.com /e:/h2ofresh/includes format.js
106.05.16 12:21 B C:\Website maintenance\website 17 May 06\includes\menu0.inc --> www.h2ofresh.com /e:/h2ofresh/includes menu0.inc
106.05.16 12:21 B C:\Website maintenance\website 17 May 06\includes\menu1.inc --> www.h2ofresh.com /e:/h2ofresh/includes menu1.inc
106.05.16 12:21 B C:\Website maintenance\website 17 May 06\includes\menu2.inc --> www.h2ofresh.com /e:/h2ofresh/includes menu2.inc
106.05.16 12:21 B C:\Website maintenance\website 17 May 06\includes\menu3.inc --> www.h2ofresh.com /e:/h2ofresh/includes menu3.inc
106.05.16 12:21 B C:\Website maintenance\website 17 May 06\includes\menu4.inc --> www.h2ofresh.com /e:/h2ofresh/includes menu4.inc
106.05.16 12:21 B C:\Website maintenance\website 17 May 06\includes\submenu1.inc --> www.h2ofresh.com /e:/h2ofresh/includes submenu1.inc
106.05.16 12:21 B C:\Website maintenance\website 17 May 06\includes\validate.js --> www.h2ofresh.com /e:/h2ofresh/includes validate.js
106.05.16 12:21 B C:\Website maintenance\website 17 May 06\includes\WS_FTP.LOG --> www.h2ofresh.com /e:/h2ofresh/includes WS_FTP.LOG
106.05.16 16:23 B C:\Website maintenance\website 17 May 06\includes\faq-back.inc --> www.h2ofresh.com /e:/h2ofresh/includes faq-back.inc
106.05.16 16:23 B C:\Website maintenance\website 17 May 06\includes\footer.inc --> www.h2ofresh.com /e:/h2ofresh/includes footer.inc
106.05.16 16:23 B C:\Website maintenance\website 17 May 06\includes\format.js --> www.h2ofresh.com /e:/h2ofresh/includes format.js
106.05.16 16:23 B C:\Website maintenance\website 17 May 06\includes\menu0.inc --> www.h2ofresh.com /e:/h2ofresh/includes menu0.inc
106.05.16 16:23 B C:\Website maintenance\website 17 May 06\includes\menu1.inc --> www.h2ofresh.com /e:/h2ofresh/includes menu1.inc
106.05.16 16:23 B C:\Website maintenance\website 17 May 06\includes\menu2.inc --> www.h2ofresh.com /e:/h2ofresh/includes menu2.inc
106.05.16 16:23 B C:\Website maintenance\website 17 May 06\includes\menu3.inc --> www.h2ofresh.com /e:/h2ofresh/includes menu3.inc
106.05.16 16:23 B C:\Website maintenance\website 17 May 06\includes\menu4.inc --> www.h2ofresh.com /e:/h2ofresh/includes menu4.inc
106.05.16 16:23 B C:\Website maintenance\website 17 May 06\includes\submenu1.inc --> www.h2ofresh.com /e:/h2ofresh/includes submenu1.inc
106.05.16 16:23 B C:\Website maintenance\website 17 May 06\includes\validate.js --> www.h2ofresh.com /e:/h2ofresh/includes validate.js
